[29 Dec, 2024 - 00:14:57:1457] [31merror[39m: [31mFailed to load Swagger file: ENOENT: no such file or directory, open './swagger.yaml'[39m
[29 Dec, 2024 - 00:15:04:154] [31merror[39m: [31mFailed to load Swagger file: ENOENT: no such file or directory, open './swagger.yaml'[39m
[29 Dec, 2024 - 00:15:48:1548] [31merror[39m: [31mFailed to load Swagger file: ENOENT: no such file or directory, open './swagger.yaml'[39m
[29 Dec, 2024 - 00:16:06:166] [31merror[39m: [31mFailed to load Swagger file: ENOENT: no such file or directory, open './swagger.yaml'[39m
[29 Dec, 2024 - 00:16:25:1625] [31merror[39m: [31mFailed to load Swagger file: ENOENT: no such file or directory, open './swagger.yaml'[39m
[29 Dec, 2024 - 00:16:43:1643] [31merror[39m: [31mFailed to load Swagger file: ENOENT: no such file or directory, open './swagger.yaml'[39m
[29 Dec, 2024 - 00:16:47:1647] [31merror[39m: [31mFailed to load Swagger file: ENOENT: no such file or directory, open './swagger.yaml'[39m
[29 Dec, 2024 - 00:16:52:1652] [31merror[39m: [31mFailed to load Swagger file: ENOENT: no such file or directory, open './swagger.yaml'[39m
[29 Dec, 2024 - 00:17:04:174] [31merror[39m: [31mFailed to load Swagger file: ENOENT: no such file or directory, open './swagger.yaml'[39m
[29 Dec, 2024 - 00:17:52:1752] [31merror[39m: [31mFailed to load Swagger file: ENOENT: no such file or directory, open './swagger.yaml'[39m
[29 Dec, 2024 - 00:20:20:2020] [31merror[39m: [31mFailed to load Swagger file: ENOENT: no such file or directory, open './swagger.yaml'[39m
[29 Dec, 2024 - 01:33:56:3356] [34minfo[39m: [34mSwagger file loaded successfully.[39m
[29 Dec, 2024 - 01:33:56:3356] [34minfo[39m: [34mAttempt 1 to connect to MongoDB...[39m
[29 Dec, 2024 - 01:33:56:3356] [31merror[39m: [31mMongoDB connection attempt 1 failed:[39m
[29 Dec, 2024 - 01:33:56:3356] [31merror[39m: [31mRetrying in 2 seconds...[39m
[29 Dec, 2024 - 01:33:58:3358] [34minfo[39m: [34mAttempt 2 to connect to MongoDB...[39m
[29 Dec, 2024 - 01:33:58:3358] [31merror[39m: [31mMongoDB connection attempt 2 failed:[39m
[29 Dec, 2024 - 01:33:58:3358] [31merror[39m: [31mRetrying in 2 seconds...[39m
[29 Dec, 2024 - 01:34:00:340] [34minfo[39m: [34mAttempt 3 to connect to MongoDB...[39m
[29 Dec, 2024 - 01:34:00:340] [31merror[39m: [31mMongoDB connection attempt 3 failed:[39m
[29 Dec, 2024 - 01:34:00:340] [31merror[39m: [31mRetrying in 2 seconds...[39m
[29 Dec, 2024 - 01:34:02:342] [34minfo[39m: [34mAttempt 4 to connect to MongoDB...[39m
[29 Dec, 2024 - 01:34:02:342] [31merror[39m: [31mMongoDB connection attempt 4 failed:[39m
[29 Dec, 2024 - 01:34:02:342] [31merror[39m: [31mRetrying in 2 seconds...[39m
[29 Dec, 2024 - 01:34:04:344] [34minfo[39m: [34mAttempt 5 to connect to MongoDB...[39m
[29 Dec, 2024 - 01:38:59:3859] [34minfo[39m: [34mSwagger file loaded successfully.[39m
[29 Dec, 2024 - 01:38:59:3859] [34minfo[39m: [34mAttempt 1 to connect to MongoDB...[39m
[29 Dec, 2024 - 01:38:59:3859] [31merror[39m: [31mMongoDB connection attempt 1 failed:[39m
[29 Dec, 2024 - 01:38:59:3859] [31merror[39m: [31mRetrying in 2 seconds...[39m
[29 Dec, 2024 - 01:39:01:391] [34minfo[39m: [34mAttempt 2 to connect to MongoDB...[39m
[29 Dec, 2024 - 01:39:01:391] [31merror[39m: [31mMongoDB connection attempt 2 failed:[39m
[29 Dec, 2024 - 01:39:01:391] [31merror[39m: [31mRetrying in 2 seconds...[39m
[29 Dec, 2024 - 01:39:03:393] [34minfo[39m: [34mAttempt 3 to connect to MongoDB...[39m
[29 Dec, 2024 - 01:39:03:393] [31merror[39m: [31mMongoDB connection attempt 3 failed:[39m
[29 Dec, 2024 - 01:39:03:393] [31merror[39m: [31mRetrying in 2 seconds...[39m
[29 Dec, 2024 - 01:39:05:395] [34minfo[39m: [34mAttempt 4 to connect to MongoDB...[39m
[29 Dec, 2024 - 01:39:05:395] [31merror[39m: [31mMongoDB connection attempt 4 failed:[39m
[29 Dec, 2024 - 01:39:05:395] [31merror[39m: [31mRetrying in 2 seconds...[39m
[29 Dec, 2024 - 01:39:07:397] [34minfo[39m: [34mAttempt 5 to connect to MongoDB...[39m
[29 Dec, 2024 - 01:45:42:4542] [34minfo[39m: [34mSwagger file loaded successfully.[39m
[29 Dec, 2024 - 01:45:42:4542] [34minfo[39m: [34mAttempt 1 to connect to MongoDB...[39m
[29 Dec, 2024 - 01:45:42:4542] [31merror[39m: [31mMongoDB connection attempt 1 failed:[39m
[29 Dec, 2024 - 01:45:42:4542] [31merror[39m: [31mRetrying in 2 seconds...[39m
[29 Dec, 2024 - 01:45:44:4544] [34minfo[39m: [34mAttempt 2 to connect to MongoDB...[39m
[29 Dec, 2024 - 01:45:44:4544] [31merror[39m: [31mMongoDB connection attempt 2 failed:[39m
[29 Dec, 2024 - 01:45:44:4544] [31merror[39m: [31mRetrying in 2 seconds...[39m
[29 Dec, 2024 - 01:45:46:4546] [34minfo[39m: [34mAttempt 3 to connect to MongoDB...[39m
[29 Dec, 2024 - 01:45:46:4546] [31merror[39m: [31mMongoDB connection attempt 3 failed:[39m
[29 Dec, 2024 - 01:45:46:4546] [31merror[39m: [31mRetrying in 2 seconds...[39m
[29 Dec, 2024 - 01:45:48:4548] [34minfo[39m: [34mAttempt 4 to connect to MongoDB...[39m
[29 Dec, 2024 - 01:45:48:4548] [31merror[39m: [31mMongoDB connection attempt 4 failed:[39m
[29 Dec, 2024 - 01:45:48:4548] [31merror[39m: [31mRetrying in 2 seconds...[39m
[29 Dec, 2024 - 01:45:50:4550] [34minfo[39m: [34mAttempt 5 to connect to MongoDB...[39m
[29 Dec, 2024 - 01:46:08:468] [34minfo[39m: [34mLoading environment variables from .env.development[39m
[29 Dec, 2024 - 01:46:08:468] [34minfo[39m: [34mSwagger file loaded successfully.[39m
[29 Dec, 2024 - 01:46:08:468] [34minfo[39m: [34mAttempt 1 to connect to MongoDB...[39m
[29 Dec, 2024 - 01:46:08:468] [31merror[39m: [31mMongoDB connection attempt 1 failed:[39m
[29 Dec, 2024 - 01:46:08:468] [31merror[39m: [31mRetrying in 2 seconds...[39m
[29 Dec, 2024 - 01:46:11:4611] [34minfo[39m: [34mAttempt 2 to connect to MongoDB...[39m
[29 Dec, 2024 - 01:46:11:4611] [31merror[39m: [31mMongoDB connection attempt 2 failed:[39m
[29 Dec, 2024 - 01:46:11:4611] [31merror[39m: [31mRetrying in 2 seconds...[39m
[29 Dec, 2024 - 01:46:13:4613] [34minfo[39m: [34mAttempt 3 to connect to MongoDB...[39m
[29 Dec, 2024 - 01:46:13:4613] [31merror[39m: [31mMongoDB connection attempt 3 failed:[39m
[29 Dec, 2024 - 01:46:13:4613] [31merror[39m: [31mRetrying in 2 seconds...[39m
[29 Dec, 2024 - 01:46:15:4615] [34minfo[39m: [34mAttempt 4 to connect to MongoDB...[39m
[29 Dec, 2024 - 01:46:15:4615] [31merror[39m: [31mMongoDB connection attempt 4 failed:[39m
[29 Dec, 2024 - 01:46:15:4615] [31merror[39m: [31mRetrying in 2 seconds...[39m
[29 Dec, 2024 - 01:46:17:4617] [34minfo[39m: [34mAttempt 5 to connect to MongoDB...[39m
[29 Dec, 2024 - 01:46:44:4644] [34minfo[39m: [34mLoading environment variables from .env.development[39m
[29 Dec, 2024 - 01:46:44:4644] [34minfo[39m: [34mSwagger file loaded successfully.[39m
[29 Dec, 2024 - 01:46:44:4644] [34minfo[39m: [34mAttempt 1 to connect to MongoDB...[39m
[29 Dec, 2024 - 01:46:44:4644] [31merror[39m: [31mMongoDB connection attempt 1 failed:[39m
[29 Dec, 2024 - 01:46:44:4644] [31merror[39m: [31mRetrying in 2 seconds...[39m
[29 Dec, 2024 - 01:46:46:4646] [34minfo[39m: [34mAttempt 2 to connect to MongoDB...[39m
[29 Dec, 2024 - 01:46:46:4646] [31merror[39m: [31mMongoDB connection attempt 2 failed:[39m
[29 Dec, 2024 - 01:46:46:4646] [31merror[39m: [31mRetrying in 2 seconds...[39m
[29 Dec, 2024 - 01:46:48:4648] [34minfo[39m: [34mAttempt 3 to connect to MongoDB...[39m
[29 Dec, 2024 - 01:46:48:4648] [31merror[39m: [31mMongoDB connection attempt 3 failed:[39m
[29 Dec, 2024 - 01:46:48:4648] [31merror[39m: [31mRetrying in 2 seconds...[39m
[29 Dec, 2024 - 01:46:50:4650] [34minfo[39m: [34mAttempt 4 to connect to MongoDB...[39m
[29 Dec, 2024 - 01:46:50:4650] [31merror[39m: [31mMongoDB connection attempt 4 failed:[39m
[29 Dec, 2024 - 01:46:50:4650] [31merror[39m: [31mRetrying in 2 seconds...[39m
[29 Dec, 2024 - 01:46:52:4652] [34minfo[39m: [34mAttempt 5 to connect to MongoDB...[39m
[29 Dec, 2024 - 01:47:12:4712] [34minfo[39m: [34m[34minfo[34m[39m
[29 Dec, 2024 - 01:47:12:4712] [34minfo[39m: [34mSwagger file loaded successfully.[39m
[29 Dec, 2024 - 01:47:12:4712] [34minfo[39m: [34mAttempt 1 to connect to MongoDB...[39m
[29 Dec, 2024 - 01:47:12:4712] [31merror[39m: [31mMongoDB connection attempt 1 failed:[39m
[29 Dec, 2024 - 01:47:12:4712] [31merror[39m: [31mRetrying in 2 seconds...[39m
[29 Dec, 2024 - 01:51:47:5147] [31merror[39m: [31mFailed to load Swagger file: ENOENT: no such file or directory, open '/Users/ankitsharma/Developer/MasterNodeApp/src/middlewares/src/middlewares/swagger.middleware.js'[39m
[29 Dec, 2024 - 01:53:09:539] [31merror[39m: [31mFailed to load Swagger file: ENOENT: no such file or directory, open '/Users/ankitsharma/Developer/MasterNodeApp/src/middlewares/src/middlewares/swagger.middleware.js'[39m
[29 Dec, 2024 - 01:54:29:5429] [31merror[39m: [31mFailed to load Swagger file: ENOENT: no such file or directory, open '/Users/ankitsharma/Developer/MasterNodeApp/src/middlewares/src/middlewares/swagger.middleware.js'[39m
[29 Dec, 2024 - 01:54:59:5459] [31merror[39m: [31mFailed to load Swagger file: ENOENT: no such file or directory, open '/Users/ankitsharma/Developer/MasterNodeApp/src/middlewares/src/middlewares/swagger.middleware.js'[39m
[29 Dec, 2024 - 02:02:27:227] [31merror[39m: [31mFailed to load Swagger file: EISDIR: illegal operation on a directory, read[39m
[29 Dec, 2024 - 02:02:53:253] [31merror[39m: [31mFailed to load Swagger file: EISDIR: illegal operation on a directory, read[39m
[29 Dec, 2024 - 02:03:18:318] [34minfo[39m: [34m__dirname: /Users/ankitsharma/Developer/MasterNodeApp[39m
[29 Dec, 2024 - 02:03:18:318] [34minfo[39m: [34m[34minfo[34m[39m
[29 Dec, 2024 - 02:03:21:321] [34minfo[39m: [34m__dirname: /Users/ankitsharma/Developer/MasterNodeApp[39m
[29 Dec, 2024 - 02:03:21:321] [31merror[39m: [31mFailed to load Swagger file: EISDIR: illegal operation on a directory, read[39m
[29 Dec, 2024 - 02:03:21:321] [34minfo[39m: [34mAttempt 1 to connect to MongoDB...[39m
[29 Dec, 2024 - 02:03:21:321] [31merror[39m: [31mMongoDB connection attempt 1 failed:[39m
[29 Dec, 2024 - 02:03:27:327] [31merror[39m: [31mRetrying in 2 seconds...[39m
[29 Dec, 2024 - 02:03:29:329] [34minfo[39m: [34mAttempt 2 to connect to MongoDB...[39m
[29 Dec, 2024 - 02:03:29:329] [31merror[39m: [31mMongoDB connection attempt 2 failed:[39m
[29 Dec, 2024 - 02:03:34:334] [31merror[39m: [31mRetrying in 2 seconds...[39m
[29 Dec, 2024 - 02:03:36:336] [34minfo[39m: [34mAttempt 3 to connect to MongoDB...[39m
[29 Dec, 2024 - 02:05:01:51] [31merror[39m: [31mFailed to load Swagger file: EISDIR: illegal operation on a directory, read[39m
[29 Dec, 2024 - 02:07:41:741] [34minfo[39m: [34mSwagger file loaded successfully.[39m
[29 Dec, 2024 - 02:07:41:741] [34minfo[39m: [34mAttempt 1 to connect to MongoDB...[39m
[29 Dec, 2024 - 02:07:41:741] [31merror[39m: [31mMongoDB connection attempt 1 failed:[39m
[29 Dec, 2024 - 02:07:44:744] [31merror[39m: [31mRetrying in 2 seconds...[39m
[29 Dec, 2024 - 02:07:46:746] [34minfo[39m: [34mAttempt 2 to connect to MongoDB...[39m
[29 Dec, 2024 - 02:16:09:169] [31merror[39m: [31mFailed to load Swagger file: Unable to parse.[39m
[29 Dec, 2024 - 02:16:21:1621] [31merror[39m: [31mFailed to load Swagger file: EISDIR: illegal operation on a directory, read[39m
[29 Dec, 2024 - 02:16:54:1654] [31merror[39m: [31mFailed to load Swagger file: EISDIR: illegal operation on a directory, read[39m
[29 Dec, 2024 - 02:22:50:2250] [31merror[39m: [31mFailed to load Swagger file: EISDIR: illegal operation on a directory, read[39m
[29 Dec, 2024 - 02:27:23:2723] [34minfo[39m: [34mSwagger file loaded successfully.[39m
[29 Dec, 2024 - 02:27:23:2723] [34minfo[39m: [34mAttempt 1 to connect to MongoDB...[39m
[29 Dec, 2024 - 02:27:23:2723] [34minfo[39m: [34mMongoDB connected successfully![39m
[29 Dec, 2024 - 02:27:23:2723] [34minfo[39m: [34m📑 Visit the documentation at: http://localhost:7800/docs[39m
[29 Dec, 2024 - 02:27:23:2723] [34minfo[39m: [34m⚙️  Server is running on port: 7800[39m
[29 Dec, 2024 - 17:30:54:3054] [34minfo[39m: [34mSwagger file loaded successfully.[39m
[29 Dec, 2024 - 17:30:58:3058] [34minfo[39m: [34mAttempt 1 to connect to MongoDB...[39m
[29 Dec, 2024 - 17:30:58:3058] [34minfo[39m: [34m📑 Visit the documentation at: http://localhost:7800/docs[39m
[29 Dec, 2024 - 17:30:58:3058] [34minfo[39m: [34m⚙️  Server is running in development env on port: 7800[39m
[29 Dec, 2024 - 17:30:59:3059] [34minfo[39m: [34mMongoDB connected successfully![39m
[29 Dec, 2024 - 17:31:07:317] [35mhttp[39m: [35m- ::1 - POST - /api/v1/user/register - 400 - 3.739 ms - correlation-id: 03abdadc-7caf-4d85-8f45-660020587ab2'[39m
[29 Dec, 2024 - 17:31:32:3132] [35mhttp[39m: [35m- ::1 - POST - /api/v1/user/register - 400 - 2.467 ms - correlation-id: f2f0cc24-099a-46ba-930f-db983493c397'[39m
[29 Dec, 2024 - 17:31:45:3145] [34minfo[39m: [34mSwagger file loaded successfully.[39m
[29 Dec, 2024 - 17:31:45:3145] [34minfo[39m: [34mAttempt 1 to connect to MongoDB...[39m
[29 Dec, 2024 - 17:31:45:3145] [34minfo[39m: [34m📑 Visit the documentation at: http://localhost:7800/docs[39m
[29 Dec, 2024 - 17:31:45:3145] [34minfo[39m: [34m⚙️  Server is running in development env on port: 7800[39m
[29 Dec, 2024 - 17:31:47:3147] [34minfo[39m: [34mMongoDB connected successfully![39m
[29 Dec, 2024 - 17:34:19:3419] [35mhttp[39m: [35m- ::1 - POST - /api/v1/user/register - 400 - 133775.787 ms - correlation-id: fcd73a51-3a36-4786-a564-c09b0e3ad549'[39m
[29 Dec, 2024 - 17:34:35:3435] [35mhttp[39m: [35m- ::1 - POST - /api/v1/user/register - 500 - 1871.902 ms - correlation-id: 52703823-115e-438f-84f2-0801c3190e35'[39m
[29 Dec, 2024 - 17:35:09:359] [35mhttp[39m: [35m- ::1 - POST - /api/v1/user/register - 500 - 2007.804 ms - correlation-id: 4dd5ea7d-14c6-4425-a931-876d34d3600e'[39m
[29 Dec, 2024 - 17:35:29:3529] [35mhttp[39m: [35m- ::1 - POST - /api/v1/user/register - 500 - 2.125 ms - correlation-id: 24e3a7b0-a9d8-47b2-b90b-2165af727471'[39m
[29 Dec, 2024 - 17:35:35:3535] [35mhttp[39m: [35m- ::1 - POST - /api/v1/user/register - 500 - 1.645 ms - correlation-id: 0e20317a-45e4-4a8c-b625-05742e8c7e38'[39m
[29 Dec, 2024 - 17:35:42:3542] [34minfo[39m: [34mSwagger file loaded successfully.[39m
[29 Dec, 2024 - 17:35:42:3542] [34minfo[39m: [34mAttempt 1 to connect to MongoDB...[39m
[29 Dec, 2024 - 17:35:42:3542] [34minfo[39m: [34m📑 Visit the documentation at: http://localhost:7800/docs[39m
[29 Dec, 2024 - 17:35:42:3542] [34minfo[39m: [34m⚙️  Server is running in development env on port: 7800[39m
[29 Dec, 2024 - 17:35:43:3543] [34minfo[39m: [34mMongoDB connected successfully![39m
[29 Dec, 2024 - 17:35:48:3548] [35mhttp[39m: [35m- ::1 - POST - /api/v1/user/register - 500 - 4.717 ms - correlation-id: daf9562b-83dd-416d-a699-3ecdaa77a06b'[39m
[29 Dec, 2024 - 17:35:57:3557] [35mhttp[39m: [35m- ::1 - POST - /api/v1/user/register - 500 - 2.188 ms - correlation-id: 16d0d883-49db-46b1-bc9b-1a9a890c3f60'[39m
[29 Dec, 2024 - 17:36:32:3632] [35mhttp[39m: [35m- ::1 - POST - /api/v1/user/register - 500 - 19442.177 ms - correlation-id: 66d1ad4a-b55f-4628-b25b-75d649050eb6'[39m
[29 Dec, 2024 - 17:36:49:3649] [35mhttp[39m: [35m- ::1 - POST - /api/v1/user/register - 500 - 2196.166 ms - correlation-id: 1b846706-e294-43bf-9f93-a1d4ea1a2f5c'[39m
[29 Dec, 2024 - 17:37:10:3710] [35mhttp[39m: [35m- ::1 - POST - /api/v1/user/register - 500 - 2044.024 ms - correlation-id: d049dd9c-c8e3-4ffe-af50-07bfdc4f92d6'[39m
[29 Dec, 2024 - 17:39:09:399] [35mhttp[39m: [35m- ::1 - POST - /api/v1/user/register - 500 - 2763.531 ms - correlation-id: 0c3acaed-ed30-45c0-b6a2-32c910a22aa1'[39m
[29 Dec, 2024 - 17:39:23:3923] [35mhttp[39m: [35m- ::1 - POST - /api/v1/user/register - 500 - 1815.517 ms - correlation-id: 97a7efb3-75b9-46f7-b44b-da65eb1a5354'[39m
[29 Dec, 2024 - 17:39:56:3956] [34minfo[39m: [34mSwagger file loaded successfully.[39m
[29 Dec, 2024 - 17:39:56:3956] [34minfo[39m: [34mAttempt 1 to connect to MongoDB...[39m
[29 Dec, 2024 - 17:39:56:3956] [34minfo[39m: [34m📑 Visit the documentation at: http://localhost:7800/docs[39m
[29 Dec, 2024 - 17:39:56:3956] [34minfo[39m: [34m⚙️  Server is running in development env on port: 7800[39m
[29 Dec, 2024 - 17:39:56:3956] [34minfo[39m: [34mMongoDB connected successfully![39m
[29 Dec, 2024 - 17:40:22:4022] [35mhttp[39m: [35m- ::1 - POST - /api/v1/user/register - 500 - 19223.560 ms - correlation-id: a58cfba0-be52-49a1-98c0-d6bc995e6cfb'[39m
[29 Dec, 2024 - 17:40:59:4059] [35mhttp[39m: [35m- ::1 - POST - /api/v1/user/register - 500 - 3360.120 ms - correlation-id: bc193477-3e84-4c3b-b642-579cd37eb07e'[39m
[29 Dec, 2024 - 17:41:49:4149] [34minfo[39m: [34mSwagger file loaded successfully.[39m
[29 Dec, 2024 - 17:41:49:4149] [34minfo[39m: [34mAttempt 1 to connect to MongoDB...[39m
[29 Dec, 2024 - 17:41:49:4149] [34minfo[39m: [34m📑 Visit the documentation at: http://localhost:7800/docs[39m
[29 Dec, 2024 - 17:41:49:4149] [34minfo[39m: [34m⚙️  Server is running in development env on port: 7800[39m
[29 Dec, 2024 - 17:41:49:4149] [34minfo[39m: [34mMongoDB connected successfully![39m
[29 Dec, 2024 - 17:42:19:4219] [34minfo[39m: [34mMail sent[39m
[29 Dec, 2024 - 17:42:19:4219] [35mhttp[39m: [35m- ::1 - POST - /api/v1/user/register - 200 - 21507.280 ms - correlation-id: 772f5522-0eb7-4b2a-bfe1-7d8469aebbd4'[39m
[29 Dec, 2024 - 17:42:37:4237] [34minfo[39m: [34mFetching all users[39m
[29 Dec, 2024 - 17:42:37:4237] [35mhttp[39m: [35m- ::1 - GET - /api/v1/user/all - 200 - 49.085 ms - correlation-id: 5aeccfae-2719-43eb-9b33-4cb284984aa7'[39m
[29 Dec, 2024 - 17:44:15:4415] [34minfo[39m: [34mFetching all users[39m
[29 Dec, 2024 - 17:44:15:4415] [35mhttp[39m: [35m- ::1 - GET - /api/v1/user/all - 200 - 45.156 ms - correlation-id: 36519338-c330-499d-8fd4-e54c526c8085'[39m
[29 Dec, 2024 - 17:45:26:4526] [34minfo[39m: [34mMail sent[39m
[29 Dec, 2024 - 17:45:26:4526] [35mhttp[39m: [35m- ::1 - POST - /api/v1/user/register - 200 - 10965.518 ms - correlation-id: 3bbd2b9a-8f2d-4cca-bd3b-054bb9be0bc2'[39m
[29 Dec, 2024 - 17:50:33:5033] [34minfo[39m: [34mMail sent[39m
[29 Dec, 2024 - 17:50:33:5033] [35mhttp[39m: [35m- ::1 - POST - /api/v1/user/register - 200 - 18704.436 ms - correlation-id: 42a10f76-8abe-449f-93ff-90195e727a21'[39m
[29 Dec, 2024 - 17:52:55:5255] [35mhttp[39m: [35m- ::1 - POST - /api/v1/auth/login - 200 - 4319.064 ms - correlation-id: 67088833-0e2e-4dc0-9d55-e061d915cb92'[39m
[29 Dec, 2024 - 17:53:22:5322] [35mhttp[39m: [35m- ::1 - GET - /api/v1/user - 200 - 79.343 ms - correlation-id: 763ccc32-e025-4f05-997b-6e0bf26c5c2c'[39m
[29 Dec, 2024 - 17:53:45:5345] [35mhttp[39m: [35m- ::1 - GET - /api/v1/user - 200 - 80.783 ms - correlation-id: 325c93b1-f7ce-4d87-95d9-ae80754ab7bd'[39m
[29 Dec, 2024 - 17:55:23:5523] [35mhttp[39m: [35m- ::1 - GET - /api/v1/user - 200 - 78.859 ms - correlation-id: 2567d260-7a45-4e38-83be-fcae1bc21ce2'[39m
[29 Dec, 2024 - 17:55:39:5539] [34minfo[39m: [34mSwagger file loaded successfully.[39m
[29 Dec, 2024 - 17:55:39:5539] [34minfo[39m: [34mAttempt 1 to connect to MongoDB...[39m
[29 Dec, 2024 - 17:55:39:5539] [34minfo[39m: [34m📑 Visit the documentation at: http://localhost:7800/docs[39m
[29 Dec, 2024 - 17:55:39:5539] [34minfo[39m: [34m⚙️  Server is running in development env on port: 7800[39m
[29 Dec, 2024 - 17:55:41:5541] [34minfo[39m: [34mMongoDB connected successfully![39m
[29 Dec, 2024 - 17:55:42:5542] [35mhttp[39m: [35m- ::1 - GET - /api/v1/user - 200 - 157.202 ms - correlation-id: 983f75c0-e9a4-444e-872c-28985ecbe6d2'[39m
[29 Dec, 2024 - 17:56:11:5611] [34minfo[39m: [34mSwagger file loaded successfully.[39m
[29 Dec, 2024 - 17:56:11:5611] [34minfo[39m: [34mAttempt 1 to connect to MongoDB...[39m
[29 Dec, 2024 - 17:56:11:5611] [34minfo[39m: [34m📑 Visit the documentation at: http://localhost:7800/docs[39m
[29 Dec, 2024 - 17:56:11:5611] [34minfo[39m: [34m⚙️  Server is running in development env on port: 7800[39m
[29 Dec, 2024 - 17:56:12:5612] [34minfo[39m: [34mMongoDB connected successfully![39m
[29 Dec, 2024 - 17:56:15:5615] [35mhttp[39m: [35m- ::1 - GET - /api/v1/user - 200 - 102.474 ms - correlation-id: 02953a0e-e3f6-4f98-a8df-9d250b1af99a'[39m
[29 Dec, 2024 - 17:56:29:5629] [34minfo[39m: [34mSwagger file loaded successfully.[39m
[29 Dec, 2024 - 17:56:29:5629] [34minfo[39m: [34mAttempt 1 to connect to MongoDB...[39m
[29 Dec, 2024 - 17:56:29:5629] [34minfo[39m: [34m📑 Visit the documentation at: http://localhost:7800/docs[39m
[29 Dec, 2024 - 17:56:29:5629] [34minfo[39m: [34m⚙️  Server is running in development env on port: 7800[39m
[29 Dec, 2024 - 17:56:29:5629] [34minfo[39m: [34mMongoDB connected successfully![39m
[29 Dec, 2024 - 17:56:32:5632] [35mhttp[39m: [35m- ::1 - GET - /api/v1/user - 200 - 151.944 ms - correlation-id: 44886bbb-2fd6-4835-adbc-75f7be1bd9c3'[39m
[29 Dec, 2024 - 17:57:25:5725] [34minfo[39m: [34mSwagger file loaded successfully.[39m
[29 Dec, 2024 - 17:57:25:5725] [34minfo[39m: [34mAttempt 1 to connect to MongoDB...[39m
[29 Dec, 2024 - 17:57:25:5725] [34minfo[39m: [34m📑 Visit the documentation at: http://localhost:7800/docs[39m
[29 Dec, 2024 - 17:57:25:5725] [34minfo[39m: [34m⚙️  Server is running in development env on port: 7800[39m
[29 Dec, 2024 - 17:57:25:5725] [34minfo[39m: [34mMongoDB connected successfully![39m
[29 Dec, 2024 - 17:57:31:5731] [35mhttp[39m: [35m- ::1 - GET - /api/v1/user - 200 - 128.516 ms - correlation-id: f4c09c18-4bad-4f61-8bf6-456e473a41c9'[39m
[29 Dec, 2024 - 17:58:52:5852] [34minfo[39m: [34mSwagger file loaded successfully.[39m
[29 Dec, 2024 - 17:58:52:5852] [34minfo[39m: [34mAttempt 1 to connect to MongoDB...[39m
[29 Dec, 2024 - 17:58:52:5852] [34minfo[39m: [34m📑 Visit the documentation at: http://localhost:7800/docs[39m
[29 Dec, 2024 - 17:58:52:5852] [34minfo[39m: [34m⚙️  Server is running in development env on port: 7800[39m
[29 Dec, 2024 - 17:58:52:5852] [34minfo[39m: [34mMongoDB connected successfully![39m
[29 Dec, 2024 - 17:58:56:5856] [35mhttp[39m: [35m- ::1 - GET - /api/v1/user - 200 - 129.982 ms - correlation-id: a0a74a69-f6ff-4a50-96e4-616888342e92'[39m
[29 Dec, 2024 - 18:01:00:10] [34minfo[39m: [34mSwagger file loaded successfully.[39m
[29 Dec, 2024 - 18:01:00:10] [34minfo[39m: [34mAttempt 1 to connect to MongoDB...[39m
[29 Dec, 2024 - 18:01:00:10] [34minfo[39m: [34m📑 Visit the documentation at: http://localhost:7800/docs[39m
[29 Dec, 2024 - 18:01:00:10] [34minfo[39m: [34m⚙️  Server is running in development env on port: 7800[39m
[29 Dec, 2024 - 18:01:00:10] [34minfo[39m: [34mMongoDB connected successfully![39m
[29 Dec, 2024 - 18:01:04:14] [35mhttp[39m: [35m- ::1 - GET - /api/v1/user - 200 - 133.089 ms - correlation-id: ec0436e6-5893-4279-8232-3db202d18f0e'[39m
[29 Dec, 2024 - 18:01:21:121] [34minfo[39m: [34mSwagger file loaded successfully.[39m
[29 Dec, 2024 - 18:01:21:121] [34minfo[39m: [34mAttempt 1 to connect to MongoDB...[39m
[29 Dec, 2024 - 18:01:21:121] [34minfo[39m: [34m📑 Visit the documentation at: http://localhost:7800/docs[39m
[29 Dec, 2024 - 18:01:21:121] [34minfo[39m: [34m⚙️  Server is running in development env on port: 7800[39m
[29 Dec, 2024 - 18:01:21:121] [34minfo[39m: [34mMongoDB connected successfully![39m
[29 Dec, 2024 - 18:01:24:124] [35mhttp[39m: [35m- ::1 - GET - /api/v1/user - 200 - 130.224 ms - correlation-id: e6317085-4de4-4d49-86e7-2ed50b529113'[39m
[29 Dec, 2024 - 18:01:40:140] [34minfo[39m: [34mSwagger file loaded successfully.[39m
[29 Dec, 2024 - 18:01:40:140] [34minfo[39m: [34mAttempt 1 to connect to MongoDB...[39m
[29 Dec, 2024 - 18:01:40:140] [34minfo[39m: [34m📑 Visit the documentation at: http://localhost:7800/docs[39m
[29 Dec, 2024 - 18:01:40:140] [34minfo[39m: [34m⚙️  Server is running in development env on port: 7800[39m
[29 Dec, 2024 - 18:01:41:141] [34minfo[39m: [34mMongoDB connected successfully![39m
[29 Dec, 2024 - 18:01:43:143] [35mhttp[39m: [35m- ::1 - GET - /api/v1/user - 200 - 132.118 ms - correlation-id: 1beb0c5a-1478-4e1a-a340-f656b2d65fa9'[39m
[02 Jan, 2025 - 02:33:08:338] [34minfo[39m: [34mSwagger file loaded successfully.[39m
[02 Jan, 2025 - 02:33:08:338] [34minfo[39m: [34mAttempt 1 to connect to MongoDB...[39m
[02 Jan, 2025 - 02:33:09:339] [34minfo[39m: [34m📑 Visit the documentation at: http://localhost:7800/docs[39m
[02 Jan, 2025 - 02:33:09:339] [34minfo[39m: [34m⚙️  Server is running in development env on port: 7800[39m
[02 Jan, 2025 - 02:33:11:3311] [34minfo[39m: [34mMongoDB connected successfully![39m
[02 Jan, 2025 - 02:34:12:3412] [35mhttp[39m: [35m- ::1 - POST - /api/v1/user/register - 500 - 69.210 ms - correlation-id: b7620c31-fcad-4308-99f1-e9b469663675'[39m
[02 Jan, 2025 - 02:34:19:3419] [34minfo[39m: [34mSwagger file loaded successfully.[39m
[02 Jan, 2025 - 02:34:19:3419] [34minfo[39m: [34mAttempt 1 to connect to MongoDB...[39m
[02 Jan, 2025 - 02:34:19:3419] [34minfo[39m: [34m📑 Visit the documentation at: http://localhost:7800/docs[39m
[02 Jan, 2025 - 02:34:19:3419] [34minfo[39m: [34m⚙️  Server is running in development env on port: 7800[39m
[02 Jan, 2025 - 02:34:20:3420] [34minfo[39m: [34mMongoDB connected successfully![39m
[02 Jan, 2025 - 02:34:26:3426] [34minfo[39m: [34mMail sent[39m
[02 Jan, 2025 - 02:34:26:3426] [35mhttp[39m: [35m- ::1 - POST - /api/v1/user/register - 200 - 4019.777 ms - correlation-id: 60ed19db-4c34-4cf7-a913-0c4e0ed3ab7e'[39m
[02 Jan, 2025 - 02:34:50:3450] [35mhttp[39m: [35m- ::1 - POST - /api/v1/auth/login - 200 - 38.772 ms - correlation-id: a3c06d4d-422e-48e2-b883-700ca63b61f6'[39m
[02 Jan, 2025 - 02:36:08:368] [35mhttp[39m: [35m- ::1 - POST - /api/v1/auth/login - - - - ms - correlation-id: 72863380-a5f2-4d3e-b8da-d9f67c914c66'[39m
[02 Jan, 2025 - 02:36:29:3629] [34minfo[39m: [34mSwagger file loaded successfully.[39m
[02 Jan, 2025 - 02:36:29:3629] [34minfo[39m: [34mAttempt 1 to connect to MongoDB...[39m
[02 Jan, 2025 - 02:36:29:3629] [34minfo[39m: [34m📑 Visit the documentation at: http://localhost:7800/docs[39m
[02 Jan, 2025 - 02:36:29:3629] [34minfo[39m: [34m⚙️  Server is running in development env on port: 7800[39m
[02 Jan, 2025 - 02:36:30:3630] [34minfo[39m: [34mMongoDB connected successfully![39m
[02 Jan, 2025 - 02:36:58:3658] [35mhttp[39m: [35m- ::1 - POST - /api/v1/auth/login - - - - ms - correlation-id: 597f80c3-5d88-46b7-b1fe-c3e172cf0631'[39m
[02 Jan, 2025 - 02:37:37:3737] [35mhttp[39m: [35m- ::1 - POST - /api/v1/auth/login - 200 - 2707.964 ms - correlation-id: 02793b57-df1f-45c8-b748-7b37f903a23c'[39m
[02 Jan, 2025 - 02:37:40:3740] [35mhttp[39m: [35m- ::1 - GET - /api/v1/auth/resources - 500 - 12.316 ms - correlation-id: e88a1336-260d-4915-9d3d-9368d2d62c54'[39m
[02 Jan, 2025 - 02:37:40:3740] [35mhttp[39m: [35m- ::1 - GET - /api/v1/user - 200 - 64.672 ms - correlation-id: 5fe7faf7-168d-4cba-9056-7122e9829af6'[39m
[02 Jan, 2025 - 02:37:58:3758] [35mhttp[39m: [35m- ::1 - POST - /api/v1/auth/logout - 200 - 72.314 ms - correlation-id: a97a4085-ffde-4fb5-bb12-c048e13df4f2'[39m
[02 Jan, 2025 - 02:38:12:3812] [35mhttp[39m: [35m- ::1 - POST - /api/v1/auth/login - 200 - 2386.612 ms - correlation-id: 26ba3390-5923-453c-a829-d8b74aa65804'[39m
[02 Jan, 2025 - 02:38:22:3822] [35mhttp[39m: [35m- ::1 - GET - /api/v1/auth/resources - 500 - 20.230 ms - correlation-id: 3a9a24ac-7e17-4f22-9b99-4d1674f516e1'[39m
[02 Jan, 2025 - 02:38:22:3822] [35mhttp[39m: [35m- ::1 - GET - /api/v1/user - 200 - 67.227 ms - correlation-id: d078ba15-86ce-4a1d-ad89-baf4de7c10aa'[39m
[02 Jan, 2025 - 02:43:45:4345] [35mhttp[39m: [35m- ::1 - GET - /api/v1/auth/resources - 500 - 9.542 ms - correlation-id: 007a4be5-c0c1-476f-9b57-c83e105e9d9a'[39m
[02 Jan, 2025 - 02:43:45:4345] [35mhttp[39m: [35m- ::1 - GET - /api/v1/user - 304 - 64.156 ms - correlation-id: 18108fa6-b077-46bb-8ce7-6768473bda3e'[39m
[02 Jan, 2025 - 02:44:10:4410] [35mhttp[39m: [35m- ::1 - GET - /api/v1/auth/resources - 500 - 4.281 ms - correlation-id: 15233a51-246c-4f8b-8cf3-a4b23b4bfb01'[39m
[02 Jan, 2025 - 02:44:10:4410] [35mhttp[39m: [35m- ::1 - GET - /api/v1/user - 304 - 65.555 ms - correlation-id: f8dc715f-9e2f-4169-a51e-1c5ece13840b'[39m
[02 Jan, 2025 - 02:44:16:4416] [35mhttp[39m: [35m- ::1 - GET - /api/v1/auth/resources - 500 - 1.213 ms - correlation-id: ed389ce6-3dc1-416e-b73a-b5e9a6d3ef95'[39m
[02 Jan, 2025 - 02:44:16:4416] [35mhttp[39m: [35m- ::1 - GET - /api/v1/user - 304 - 60.195 ms - correlation-id: 314b840d-4bad-47d0-b429-e5cbe3249d5d'[39m
[02 Jan, 2025 - 02:44:37:4437] [35mhttp[39m: [35m- ::1 - GET - /api/v1/auth/resources - 500 - 5.821 ms - correlation-id: 75d468bc-738e-4dc0-bf9a-4ea99d109560'[39m
[02 Jan, 2025 - 02:44:37:4437] [35mhttp[39m: [35m- ::1 - GET - /api/v1/user - 304 - 61.598 ms - correlation-id: 46dc00cb-ec22-41be-97b1-d8f65ee46dd0'[39m
[02 Jan, 2025 - 02:44:49:4449] [35mhttp[39m: [35m- ::1 - GET - /api/v1/auth/resources - 500 - 4.535 ms - correlation-id: 9497953b-f105-48ef-8c23-e016a21e82a8'[39m
[02 Jan, 2025 - 02:44:49:4449] [35mhttp[39m: [35m- ::1 - GET - /api/v1/user - 304 - 56.979 ms - correlation-id: bcb362c4-e437-4563-9a83-fefe5a3da0a9'[39m
[02 Jan, 2025 - 02:45:08:458] [35mhttp[39m: [35m- ::1 - GET - /api/v1/auth/resources - 500 - 6.358 ms - correlation-id: 5410b8c1-c445-46a8-ae8a-f2dc84502f5f'[39m
[02 Jan, 2025 - 02:45:08:458] [35mhttp[39m: [35m- ::1 - GET - /api/v1/user - 304 - 57.782 ms - correlation-id: 0477d57e-5f9f-45c0-bec6-5aa59358336e'[39m
[02 Jan, 2025 - 02:46:07:467] [35mhttp[39m: [35m- ::1 - GET - /api/v1/auth/resources - 500 - 13.243 ms - correlation-id: 98e6829f-933a-4336-b630-669ae8ff87ed'[39m
[02 Jan, 2025 - 02:46:07:467] [35mhttp[39m: [35m- ::1 - GET - /api/v1/user - 304 - 64.709 ms - correlation-id: 10d909ff-3171-4a9c-bc54-322f122f9a1d'[39m
[02 Jan, 2025 - 02:46:32:4632] [35mhttp[39m: [35m- ::1 - GET - /api/v1/auth/resources - 500 - 1.371 ms - correlation-id: 4d603d7b-d724-451b-b7a2-869dd81bbe6d'[39m
[02 Jan, 2025 - 02:46:32:4632] [35mhttp[39m: [35m- ::1 - GET - /api/v1/user - 304 - 56.015 ms - correlation-id: 28066efc-8966-4d8c-8704-156d0927e428'[39m
[02 Jan, 2025 - 02:46:36:4636] [35mhttp[39m: [35m- ::1 - GET - /api/v1/auth/resources - 500 - 1.927 ms - correlation-id: 05eb5f67-3632-4a3f-a760-a29d37031855'[39m
[02 Jan, 2025 - 02:46:36:4636] [35mhttp[39m: [35m- ::1 - GET - /api/v1/user - 304 - 58.196 ms - correlation-id: ac7d0f86-113c-4191-aed4-322066d1f200'[39m
[02 Jan, 2025 - 02:46:40:4640] [35mhttp[39m: [35m- ::1 - GET - /api/v1/auth/resources - 500 - 7.838 ms - correlation-id: 83f0ad70-07cf-4928-bb6f-58446ce6ebcd'[39m
[02 Jan, 2025 - 02:46:40:4640] [35mhttp[39m: [35m- ::1 - GET - /api/v1/user - 304 - 61.190 ms - correlation-id: 6e0fdc5b-3900-4d4a-8255-a9228932c0be'[39m
[02 Jan, 2025 - 02:48:06:486] [35mhttp[39m: [35m- ::1 - GET - /api/v1/auth/resources - 500 - 6.194 ms - correlation-id: 4c500910-aadd-441f-9d8a-b8266088ce62'[39m
[02 Jan, 2025 - 02:48:07:487] [35mhttp[39m: [35m- ::1 - GET - /api/v1/user - 304 - 58.819 ms - correlation-id: 24e18302-196f-4b6b-a3d4-54e4a788b22d'[39m
[02 Jan, 2025 - 02:48:15:4815] [35mhttp[39m: [35m- ::1 - GET - /api/v1/auth/resources - 500 - 4.779 ms - correlation-id: 8e422b8c-4581-40de-b2e9-a1f3ef561f17'[39m
[02 Jan, 2025 - 02:48:15:4815] [35mhttp[39m: [35m- ::1 - GET - /api/v1/user - 304 - 58.234 ms - correlation-id: 99ff2ed0-ba19-4f26-803e-36642b7f7516'[39m
[02 Jan, 2025 - 02:49:19:4919] [35mhttp[39m: [35m- ::1 - GET - /api/v1/auth/resources - 500 - 35.021 ms - correlation-id: 9eb38669-7d7a-492c-bbd9-88f9f7fa8805'[39m
[02 Jan, 2025 - 02:49:19:4919] [35mhttp[39m: [35m- ::1 - GET - /api/v1/user - 304 - 86.382 ms - correlation-id: 9fdda00c-6fde-43bf-b3cb-c556ffa0dd13'[39m
[02 Jan, 2025 - 02:49:24:4924] [35mhttp[39m: [35m- ::1 - GET - /api/v1/auth/resources - 500 - 2.318 ms - correlation-id: a441b04e-492c-45fe-9ee8-92ee33708bfa'[39m
[02 Jan, 2025 - 02:49:24:4924] [35mhttp[39m: [35m- ::1 - GET - /api/v1/user - 304 - 62.945 ms - correlation-id: 32eadb6c-174d-4b97-a69c-a7f9bc370c0b'[39m
[02 Jan, 2025 - 02:54:12:5412] [35mhttp[39m: [35m- ::1 - GET - /api/v1/auth/resources - 500 - 11.155 ms - correlation-id: 0e7df3af-4e0f-4ad5-9683-04b19d243aa4'[39m
[02 Jan, 2025 - 02:54:12:5412] [35mhttp[39m: [35m- ::1 - GET - /api/v1/user - 304 - 72.601 ms - correlation-id: 3ee600f7-b05e-4a61-ac96-0b38bd859183'[39m
[02 Jan, 2025 - 02:54:20:5420] [35mhttp[39m: [35m- ::1 - GET - /api/v1/auth/resources - 500 - 4.968 ms - correlation-id: 6edeee46-711a-4fda-9738-a6c0a89dfc26'[39m
[02 Jan, 2025 - 02:54:20:5420] [35mhttp[39m: [35m- ::1 - GET - /api/v1/user - 304 - 59.123 ms - correlation-id: eb9cb746-fa54-4fb8-9756-4bd3a411dda1'[39m
[02 Jan, 2025 - 02:57:18:5718] [35mhttp[39m: [35m- ::1 - GET - /api/v1/auth/resources - 500 - 9.724 ms - correlation-id: 3cad4825-6b3a-495f-97c2-c180a4663dc5'[39m
[02 Jan, 2025 - 02:57:18:5718] [35mhttp[39m: [35m- ::1 - GET - /api/v1/user - 304 - 60.970 ms - correlation-id: 36ad3c60-c6cf-47c1-944d-f4c4be58ca36'[39m
[02 Jan, 2025 - 02:57:34:5734] [35mhttp[39m: [35m- ::1 - GET - /api/v1/auth/resources - 500 - 2.585 ms - correlation-id: 6aba56b1-00b3-4e57-a4c6-6ed2107c7f4d'[39m
[02 Jan, 2025 - 02:57:34:5734] [35mhttp[39m: [35m- ::1 - GET - /api/v1/user - 304 - 55.063 ms - correlation-id: b7fbb1ab-268d-4d96-9b52-e0def3a95183'[39m
[02 Jan, 2025 - 03:00:00:00] [35mhttp[39m: [35m- ::1 - GET - /api/v1/auth/resources - 500 - 3.323 ms - correlation-id: 0cb7f3c3-de7a-4eb0-b4f2-48149a599e1d'[39m
[02 Jan, 2025 - 03:00:00:00] [35mhttp[39m: [35m- ::1 - GET - /api/v1/user - 304 - 69.470 ms - correlation-id: edad14c0-b41c-49a8-b9a2-ba0ff601c317'[39m
[02 Jan, 2025 - 03:00:07:07] [35mhttp[39m: [35m- ::1 - GET - /api/v1/auth/resources - 500 - 1.559 ms - correlation-id: 7a3f73e2-6d91-4036-96c7-1f9000c7c43e'[39m
[02 Jan, 2025 - 03:00:07:07] [35mhttp[39m: [35m- ::1 - GET - /api/v1/user - 304 - 63.362 ms - correlation-id: df424895-b67c-4932-b0bd-66fd0384b65b'[39m
[02 Jan, 2025 - 03:01:37:137] [35mhttp[39m: [35m- ::1 - GET - /api/v1/auth/resources - 500 - 15.000 ms - correlation-id: 4c579156-4e30-457f-a7e4-2be201d28c4f'[39m
[02 Jan, 2025 - 03:01:37:137] [35mhttp[39m: [35m- ::1 - GET - /api/v1/user - 304 - 65.851 ms - correlation-id: 1c2eab38-9113-46ad-aafe-b2b535088513'[39m
[02 Jan, 2025 - 03:01:40:140] [35mhttp[39m: [35m- ::1 - GET - /api/v1/auth/resources - 500 - 1.596 ms - correlation-id: c29b6517-27c4-4f39-89b7-31605a0861b4'[39m
[02 Jan, 2025 - 03:01:40:140] [35mhttp[39m: [35m- ::1 - GET - /api/v1/user - 304 - 62.126 ms - correlation-id: 31a1839f-140e-40f5-b4cd-a846c90c9056'[39m
[02 Jan, 2025 - 03:06:15:615] [35mhttp[39m: [35m- ::1 - GET - /api/v1/auth/resources - 500 - 4.182 ms - correlation-id: 55cc6577-c2fb-4a75-abe5-470cb895b3de'[39m
[02 Jan, 2025 - 03:06:15:615] [35mhttp[39m: [35m- ::1 - GET - /api/v1/user - 304 - 72.290 ms - correlation-id: 2de9436c-efd8-4509-9c51-cb83d1857c15'[39m
[02 Jan, 2025 - 03:06:19:619] [35mhttp[39m: [35m- ::1 - GET - /api/v1/auth/resources - 500 - 2.718 ms - correlation-id: 3116e3f5-2220-474d-810d-29127709dced'[39m
[02 Jan, 2025 - 03:06:19:619] [35mhttp[39m: [35m- ::1 - GET - /api/v1/user - 304 - 73.201 ms - correlation-id: 466b490d-af68-4d9b-8cc5-6ddc328a527e'[39m
[02 Jan, 2025 - 03:07:15:715] [35mhttp[39m: [35m- ::1 - GET - /api/v1/auth/resources - 500 - 4.602 ms - correlation-id: c0022f79-0556-4ea5-a961-b182bd7c9a22'[39m
[02 Jan, 2025 - 03:07:15:715] [35mhttp[39m: [35m- ::1 - GET - /api/v1/user - 304 - 93.753 ms - correlation-id: aa11cb8d-bcda-4e5b-b6d2-7464074a5fac'[39m
[02 Jan, 2025 - 03:07:18:718] [35mhttp[39m: [35m- ::1 - GET - /api/v1/auth/resources - 500 - 6.874 ms - correlation-id: 859c8723-2e3f-4f00-ab6b-f6425f4382ff'[39m
[02 Jan, 2025 - 03:07:18:718] [35mhttp[39m: [35m- ::1 - GET - /api/v1/user - 304 - 63.736 ms - correlation-id: 993ab5d2-b837-4c9f-929f-1328ec6c767c'[39m
[02 Jan, 2025 - 03:08:50:850] [35mhttp[39m: [35m- ::1 - GET - /api/v1/auth/resources - 500 - 21.150 ms - correlation-id: 4fab0352-e01b-43df-bafb-f8ab05918642'[39m
[02 Jan, 2025 - 03:08:51:851] [35mhttp[39m: [35m- ::1 - GET - /api/v1/user - 304 - 87.093 ms - correlation-id: 021d1141-b654-48b9-a435-fe2130f687d6'[39m
[02 Jan, 2025 - 03:11:00:110] [35mhttp[39m: [35m- ::1 - GET - /api/v1/auth/resources - 500 - 1.213 ms - correlation-id: 2fd88b7b-4ef4-44fc-a601-e13bead44897'[39m
[02 Jan, 2025 - 03:11:00:110] [35mhttp[39m: [35m- ::1 - GET - /api/v1/user - 304 - 75.008 ms - correlation-id: 499217a8-3861-4231-9905-86eb24869418'[39m
[02 Jan, 2025 - 03:11:06:116] [35mhttp[39m: [35m- ::1 - GET - /api/v1/auth/resources - 500 - 7.864 ms - correlation-id: 5afa169d-eaae-4e8c-baa6-d466510ef5c4'[39m
[02 Jan, 2025 - 03:11:06:116] [35mhttp[39m: [35m- ::1 - GET - /api/v1/user - 304 - 66.121 ms - correlation-id: bf9fc1f4-a39c-4b5b-a874-77746bc45434'[39m
[02 Jan, 2025 - 03:11:19:1119] [35mhttp[39m: [35m- ::1 - GET - /api/v1/auth/resources - 500 - 1.391 ms - correlation-id: a1488322-6b45-41cc-bce7-2a6a04272085'[39m
[02 Jan, 2025 - 03:11:19:1119] [35mhttp[39m: [35m- ::1 - GET - /api/v1/user - 304 - 66.989 ms - correlation-id: 29b9f792-f6fc-409c-acd5-f17839fff8c6'[39m
[02 Jan, 2025 - 03:13:41:1341] [35mhttp[39m: [35m- ::1 - GET - /api/v1/auth/resources - 500 - 1.163 ms - correlation-id: d5cff17e-7f31-4225-8e30-ba3a73a8c696'[39m
[02 Jan, 2025 - 03:13:41:1341] [35mhttp[39m: [35m- ::1 - GET - /api/v1/user - 304 - 80.754 ms - correlation-id: 570c9d7f-9857-4b06-9994-cba144bb27a5'[39m
[02 Jan, 2025 - 03:15:00:150] [35mhttp[39m: [35m- ::1 - GET - /api/v1/auth/resources - 500 - 2.373 ms - correlation-id: 1bc144e1-f694-46c1-9dfd-a6b00feca289'[39m
[02 Jan, 2025 - 03:15:00:150] [35mhttp[39m: [35m- ::1 - GET - /api/v1/user - 304 - 70.995 ms - correlation-id: 5e48e3a4-5dd9-48aa-b7ac-7ca619811059'[39m
[02 Jan, 2025 - 03:15:08:158] [35mhttp[39m: [35m- ::1 - GET - /api/v1/auth/resources - 500 - 2.982 ms - correlation-id: 9908ed08-c029-4bda-9428-19c505a6610f'[39m
[02 Jan, 2025 - 03:15:08:158] [35mhttp[39m: [35m- ::1 - GET - /api/v1/user - 304 - 57.520 ms - correlation-id: 46532f47-e22f-4ef0-84e5-7b31f922c414'[39m
[02 Jan, 2025 - 03:18:54:1854] [35mhttp[39m: [35m- ::1 - GET - /api/v1/auth/resources - 500 - 1.077 ms - correlation-id: 401e7377-0b10-4e0f-a8aa-1f35c66cb289'[39m
[02 Jan, 2025 - 03:18:54:1854] [35mhttp[39m: [35m- ::1 - GET - /api/v1/user - 304 - 67.377 ms - correlation-id: dfaeefb1-ed10-48d9-a72c-8041083a6bf2'[39m
[02 Jan, 2025 - 03:19:58:1958] [35mhttp[39m: [35m- ::1 - GET - /api/v1/auth/resources - 500 - 13.136 ms - correlation-id: 70caf08a-daea-4707-b853-72654ce9df7f'[39m
[02 Jan, 2025 - 03:19:58:1958] [35mhttp[39m: [35m- ::1 - GET - /api/v1/user - 304 - 66.065 ms - correlation-id: 4b909f00-b356-4dca-abd5-771c70b8eec7'[39m
[02 Jan, 2025 - 03:20:27:2027] [35mhttp[39m: [35m- ::1 - GET - /api/v1/auth/resources - 500 - 1.605 ms - correlation-id: 168a4c67-478c-446c-a559-b46a43818e97'[39m
[02 Jan, 2025 - 03:20:27:2027] [35mhttp[39m: [35m- ::1 - GET - /api/v1/user - 304 - 67.932 ms - correlation-id: 4af03487-c1db-4237-9c59-3208265926e6'[39m
[02 Jan, 2025 - 03:20:58:2058] [35mhttp[39m: [35m- ::1 - GET - /api/v1/auth/resources - 500 - 2.458 ms - correlation-id: 5fb739d3-e2a7-44ba-8eac-8dde629dcf45'[39m
[02 Jan, 2025 - 03:20:58:2058] [35mhttp[39m: [35m- ::1 - GET - /api/v1/user - 304 - 70.834 ms - correlation-id: a3acf819-dcfa-4e87-af3e-a0626a88afb4'[39m
[02 Jan, 2025 - 03:21:01:211] [35mhttp[39m: [35m- ::1 - GET - /api/v1/auth/resources - 500 - 1.190 ms - correlation-id: 96e00167-cdfe-4aaa-bc39-3e1cee0ddd8d'[39m
[02 Jan, 2025 - 03:21:02:212] [35mhttp[39m: [35m- ::1 - GET - /api/v1/user - 304 - 71.458 ms - correlation-id: d86d37ae-db0e-46c0-b3de-45ba838cdea5'[39m
[02 Jan, 2025 - 03:22:02:222] [35mhttp[39m: [35m- ::1 - GET - /api/v1/auth/resources - 500 - 6.059 ms - correlation-id: aa87ad36-ac16-4299-97b9-2a3c740be166'[39m
[02 Jan, 2025 - 03:22:02:222] [35mhttp[39m: [35m- ::1 - GET - /api/v1/user - 304 - 71.899 ms - correlation-id: 1e61509d-5cb9-4494-ac83-ddbeb6c69ba3'[39m
[02 Jan, 2025 - 03:22:08:228] [35mhttp[39m: [35m- ::1 - GET - /api/v1/auth/resources - 500 - 0.876 ms - correlation-id: fa1384b0-2ecb-4a97-a0b6-6723c433b5e1'[39m
[02 Jan, 2025 - 03:22:08:228] [35mhttp[39m: [35m- ::1 - GET - /api/v1/user - 304 - 72.943 ms - correlation-id: debcb9f8-2ba2-4f11-bf45-c2f096de75a9'[39m
[02 Jan, 2025 - 03:22:18:2218] [35mhttp[39m: [35m- ::1 - GET - /api/v1/auth/resources - 500 - 2.326 ms - correlation-id: a73e4849-42dd-47f9-b30e-15d86d9f550c'[39m
[02 Jan, 2025 - 03:22:18:2218] [35mhttp[39m: [35m- ::1 - GET - /api/v1/user - 304 - 72.263 ms - correlation-id: d6e6d8cd-943d-48fb-a608-407681ce36f4'[39m
[02 Jan, 2025 - 03:22:21:2221] [35mhttp[39m: [35m- ::1 - GET - /api/v1/auth/resources - 500 - 23.015 ms - correlation-id: b8dea7b3-6d95-49bf-b01a-2b14073b0454'[39m
[02 Jan, 2025 - 03:22:21:2221] [35mhttp[39m: [35m- ::1 - GET - /api/v1/user - 304 - 76.152 ms - correlation-id: 49ec4601-6af8-49c3-a169-d5dd7357b1ac'[39m
[02 Jan, 2025 - 03:22:45:2245] [35mhttp[39m: [35m- ::1 - GET - /api/v1/auth/resources - 500 - 5.700 ms - correlation-id: 1e7ec532-6233-4d34-b319-529425667e6f'[39m
[02 Jan, 2025 - 03:22:45:2245] [35mhttp[39m: [35m- ::1 - GET - /api/v1/user - 304 - 62.687 ms - correlation-id: 80c6458a-039a-43aa-8ba7-9de7857e8b78'[39m
[02 Jan, 2025 - 03:25:02:252] [35mhttp[39m: [35m- ::1 - GET - /api/v1/auth/resources - 500 - 1.716 ms - correlation-id: 0786a354-e8ae-4452-9607-97788d8ea3a4'[39m
[02 Jan, 2025 - 03:25:02:252] [35mhttp[39m: [35m- ::1 - GET - /api/v1/user - 304 - 73.356 ms - correlation-id: 09657d55-34c7-4d2b-b815-ae73e9606f3f'[39m
[02 Jan, 2025 - 03:25:49:2549] [35mhttp[39m: [35m- ::1 - GET - /api/v1/auth/resources - 500 - 9.975 ms - correlation-id: 26d4c29f-7192-4859-bd28-a7e4ad7961d6'[39m
[02 Jan, 2025 - 03:25:49:2549] [35mhttp[39m: [35m- ::1 - GET - /api/v1/user - 304 - 73.900 ms - correlation-id: 84453ca4-5510-41dd-9a64-e99c220d3c08'[39m
[02 Jan, 2025 - 03:25:52:2552] [35mhttp[39m: [35m- ::1 - GET - /api/v1/auth/resources - 500 - 6.389 ms - correlation-id: 66501b83-f909-4a26-835d-f8ef829920a2'[39m
[02 Jan, 2025 - 03:25:52:2552] [35mhttp[39m: [35m- ::1 - GET - /api/v1/user - 304 - 63.022 ms - correlation-id: 4b0209ac-1c11-4b49-be82-589085f8355c'[39m
